[2016-06-07 16:40:50] production.ERROR: PDOException: SQLSTATE[HY000] [1045] Access denied for user 'forge'@'localhost' (using password: NO) in /home/vagrant/Code/public/vcp-app/vendor/laravel/framework/src/Illuminate/Database/Connectors/Connector.php:55
Stack trace:
#0 /home/vagrant/Code/public/vcp-app/vendor/laravel/framework/src/Illuminate/Database/Connectors/Connector.php(55): PDO->__construct('mysql:host=loca...', 'forge', '', Array)
#1 /home/vagrant/Code/public/vcp-app/vendor/laravel/framework/src/Illuminate/Database/Connectors/MySqlConnector.php(24): Illuminate\Database\Connectors\Connector->createConnection('mysql:host=loca...', Array, Array)
#2 /home/vagrant/Code/public/vcp-app/vendor/laravel/framework/src/Illuminate/Database/Connectors/ConnectionFactory.php(61): Illuminate\Database\Connectors\MySqlConnector->connect(Array)
#3 [internal function]: Illuminate\Database\Connectors\ConnectionFactory->Illuminate\Database\Connectors\{closure}()
#4 /home/vagrant/Code/public/vcp-app/vendor/laravel/framework/src/Illuminate/Database/Connection.php(868): call_user_func(Object(Closure))
#5 /home/vagrant/Code/public/vcp-app/vendor/laravel/framework/src/Illuminate/Database/Connection.php(736): Illuminate\Database\Connection->getPdo()
#6 /home/vagrant/Code/public/vcp-app/vendor/laravel/framework/src/Illuminate/Database/Connection.php(621): Illuminate\Database\Connection->reconnectIfMissingConnection()
#7 /home/vagrant/Code/public/vcp-app/vendor/laravel/framework/src/Illuminate/Database/Connection.php(342): Illuminate\Database\Connection->run('select * from `...', Array, Object(Closure))
#8 /home/vagrant/Code/public/vcp-app/vendor/laravel/framework/src/Illuminate/Database/Query/Builder.php(1508): Illuminate\Database\Connection->select('select * from `...', Array, true)
#9 /home/vagrant/Code/public/vcp-app/vendor/laravel/framework/src/Illuminate/Database/Query/Builder.php(1494): Illuminate\Database\Query\Builder->runSelect()
#10 /home/vagrant/Code/public/vcp-app/vendor/laravel/framework/src/Illuminate/Database/Eloquent/Builder.php(596): Illuminate\Database\Query\Builder->get(Array)
#11 /home/vagrant/Code/public/vcp-app/vendor/laravel/framework/src/Illuminate/Database/Eloquent/Builder.php(303): Illuminate\Database\Eloquent\Builder->getModels(Array)
#12 /home/vagrant/Code/public/vcp-app/vendor/laravel/framework/src/Illuminate/Database/Eloquent/Builder.php(273): Illuminate\Database\Eloquent\Builder->get(Array)
#13 /home/vagrant/Code/public/vcp-app/vendor/laravel/framework/src/Illuminate/Auth/EloquentUserProvider.php(104): Illuminate\Database\Eloquent\Builder->first()
#14 /home/vagrant/Code/public/vcp-app/vendor/laravel/framework/src/Illuminate/Auth/SessionGuard.php(353): Illuminate\Auth\EloquentUserProvider->retrieveByCredentials(Array)
#15 /home/vagrant/Code/public/vcp-app/vendor/laravel/framework/src/Illuminate/Auth/SessionGuard.php(256): Illuminate\Auth\SessionGuard->attempt(Array, false, false)
#16 /home/vagrant/Code/public/vcp-app/vendor/laravel/framework/src/Illuminate/Auth/SessionGuard.php(239): Illuminate\Auth\SessionGuard->validate(Array)
#17 [internal function]: Illuminate\Auth\SessionGuard->once(Array)
#18 /home/vagrant/Code/public/vcp-app/vendor/laravel/framework/src/Illuminate/Auth/AuthManager.php(288): call_user_func_array(Array, Array)
#19 /home/vagrant/Code/public/vcp-app/vendor/tymon/jwt-auth/src/Providers/Auth/IlluminateAuthAdapter.php(39): Illuminate\Auth\AuthManager->__call('once', Array)
#20 /home/vagrant/Code/public/vcp-app/vendor/tymon/jwt-auth/src/JWTAuth.php(108): Tymon\JWTAuth\Providers\Auth\IlluminateAuthAdapter->byCredentials(Array)
#21 /home/vagrant/Code/public/vcp-app/vendor/laravel/framework/src/Illuminate/Support/Facades/Facade.php(218): Tymon\JWTAuth\JWTAuth->attempt(Array)
#22 /home/vagrant/Code/public/vcp-app/app/Http/Controllers/AuthenticateController.php(40): Illuminate\Support\Facades\Facade::__callStatic('attempt', Array)
#23 [internal function]: App\Http\Controllers\AuthenticateController->authenticate(Object(Illuminate\Http\Request))
#24 /home/vagrant/Code/public/vcp-app/vendor/laravel/framework/src/Illuminate/Routing/Controller.php(80): call_user_func_array(Array, Array)
#25 /home/vagrant/Code/public/vcp-app/vendor/laravel/framework/src/Illuminate/Routing/ControllerDispatcher.php(146): Illuminate\Routing\Controller->callAction('authenticate', Array)
#26 /home/vagrant/Code/public/vcp-app/vendor/laravel/framework/src/Illuminate/Routing/ControllerDispatcher.php(94): Illuminate\Routing\ControllerDispatcher->call(Object(App\Http\Controllers\AuthenticateController), Object(Illuminate\Routing\Route), 'authenticate')
#27 [internal function]: Illuminate\Routing\ControllerDispatcher->Illuminate\Routing\{closure}(Object(Illuminate\Http\Request))
#28 /home/vagrant/Code/public/vcp-app/vendor/laravel/framework/src/Illuminate/Routing/Pipeline.php(52): call_user_func(Object(Closure), Object(Illuminate\Http\Request))
#29 [internal function]: Illuminate\Routing\Pipeline->Illuminate\Routing\{closure}(Object(Illuminate\Http\Request))
#30 /home/vagrant/Code/public/vcp-app/vendor/laravel/framework/src/Illuminate/Pipeline/Pipeline.php(102): call_user_func(Object(Closure), Object(Illuminate\Http\Request))
#31 /home/vagrant/Code/public/vcp-app/vendor/laravel/framework/src/Illuminate/Routing/ControllerDispatcher.php(96): Illuminate\Pipeline\Pipeline->then(Object(Closure))
#32 /home/vagrant/Code/public/vcp-app/vendor/laravel/framework/src/Illuminate/Routing/ControllerDispatcher.php(54): Illuminate\Routing\ControllerDispatcher->callWithinStack(Object(App\Http\Controllers\AuthenticateController), Object(Illuminate\Routing\Route), Object(Illuminate\Http\Request), 'authenticate')
#33 /home/vagrant/Code/public/vcp-app/vendor/laravel/framework/src/Illuminate/Routing/Route.php(174): Illuminate\Routing\ControllerDispatcher->dispatch(Object(Illuminate\Routing\Route), Object(Illuminate\Http\Request), 'App\\Http\\Contro...', 'authenticate')
#34 /home/vagrant/Code/public/vcp-app/vendor/laravel/framework/src/Illuminate/Routing/Route.php(140): Illuminate\Routing\Route->runController(Object(Illuminate\Http\Request))
#35 /home/vagrant/Code/public/vcp-app/vendor/laravel/framework/src/Illuminate/Routing/Router.php(724): Illuminate\Routing\Route->run(Object(Illuminate\Http\Request))
#36 [internal function]: Illuminate\Routing\Router->Illuminate\Routing\{closure}(Object(Illuminate\Http\Request))
#37 /home/vagrant/Code/public/vcp-app/vendor/laravel/framework/src/Illuminate/Routing/Pipeline.php(52): call_user_func(Object(Closure), Object(Illuminate\Http\Request))
#38 [internal function]: Illuminate\Routing\Pipeline->Illuminate\Routing\{closure}(Object(Illuminate\Http\Request))
#39 /home/vagrant/Code/public/vcp-app/vendor/laravel/framework/src/Illuminate/Pipeline/Pipeline.php(102): call_user_func(Object(Closure), Object(Illuminate\Http\Request))
#40 /home/vagrant/Code/public/vcp-app/vendor/laravel/framework/src/Illuminate/Routing/Router.php(726): Illuminate\Pipeline\Pipeline->then(Object(Closure))
#41 /home/vagrant/Code/public/vcp-app/vendor/laravel/framework/src/Illuminate/Routing/Router.php(699): Illuminate\Routing\Router->runRouteWithinStack(Object(Illuminate\Routing\Route), Object(Illuminate\Http\Request))
#42 /home/vagrant/Code/public/vcp-app/vendor/laravel/framework/src/Illuminate/Routing/Router.php(675): Illuminate\Routing\Router->dispatchToRoute(Object(Illuminate\Http\Request))
#43 /home/vagrant/Code/public/vcp-app/vendor/laravel/framework/src/Illuminate/Foundation/Http/Kernel.php(246): Illuminate\Routing\Router->dispatch(Object(Illuminate\Http\Request))
#44 [internal function]: Illuminate\Foundation\Http\Kernel->Illuminate\Foundation\Http\{closure}(Object(Illuminate\Http\Request))
#45 /home/vagrant/Code/public/vcp-app/vendor/laravel/framework/src/Illuminate/Routing/Pipeline.php(52): call_user_func(Object(Closure), Object(Illuminate\Http\Request))
#46 /home/vagrant/Code/public/vcp-app/vendor/laravel/framework/src/Illuminate/Foundation/Http/Middleware/CheckForMaintenanceMode.php(44): Illuminate\Routing\Pipeline->Illuminate\Routing\{closure}(Object(Illuminate\Http\Request))
#47 [internal function]: Illuminate\Foundation\Http\Middleware\CheckForMaintenanceMode->handle(Object(Illuminate\Http\Request), Object(Closure))
#48 /home/vagrant/Code/public/vcp-app/vendor/laravel/framework/src/Illuminate/Pipeline/Pipeline.php(124): call_user_func_array(Array, Array)
#49 [internal function]: Illuminate\Pipeline\Pipeline->Illuminate\Pipeline\{closure}(Object(Illuminate\Http\Request))
#50 /home/vagrant/Code/public/vcp-app/vendor/laravel/framework/src/Illuminate/Routing/Pipeline.php(32): call_user_func(Object(Closure), Object(Illuminate\Http\Request))
#51 [internal function]: Illuminate\Routing\Pipeline->Illuminate\Routing\{closure}(Object(Illuminate\Http\Request))
#52 /home/vagrant/Code/public/vcp-app/vendor/laravel/framework/src/Illuminate/Pipeline/Pipeline.php(102): call_user_func(Object(Closure), Object(Illuminate\Http\Request))
#53 /home/vagrant/Code/public/vcp-app/vendor/laravel/framework/src/Illuminate/Foundation/Http/Kernel.php(132): Illuminate\Pipeline\Pipeline->then(Object(Closure))
#54 /home/vagrant/Code/public/vcp-app/vendor/laravel/framework/src/Illuminate/Foundation/Http/Kernel.php(99): Illuminate\Foundation\Http\Kernel->sendRequestThroughRouter(Object(Illuminate\Http\Request))
#55 /home/vagrant/Code/public/vcp-app/public/index.php(53): Illuminate\Foundation\Http\Kernel->handle(Object(Illuminate\Http\Request))
#56 {main}  
[2016-06-07 16:46:14] production.ERROR: PDOException: SQLSTATE[HY000] [1045] Access denied for user 'forge'@'localhost' (using password: NO) in /home/vagrant/Code/public/vcp-app/vendor/laravel/framework/src/Illuminate/Database/Connectors/Connector.php:55
Stack trace:
#0 /home/vagrant/Code/public/vcp-app/vendor/laravel/framework/src/Illuminate/Database/Connectors/Connector.php(55): PDO->__construct('mysql:host=loca...', 'forge', '', Array)
#1 /home/vagrant/Code/public/vcp-app/vendor/laravel/framework/src/Illuminate/Database/Connectors/MySqlConnector.php(24): Illuminate\Database\Connectors\Connector->createConnection('mysql:host=loca...', Array, Array)
#2 /home/vagrant/Code/public/vcp-app/vendor/laravel/framework/src/Illuminate/Database/Connectors/ConnectionFactory.php(61): Illuminate\Database\Connectors\MySqlConnector->connect(Array)
#3 [internal function]: Illuminate\Database\Connectors\ConnectionFactory->Illuminate\Database\Connectors\{closure}()
#4 /home/vagrant/Code/public/vcp-app/vendor/laravel/framework/src/Illuminate/Database/Connection.php(868): call_user_func(Object(Closure))
#5 /home/vagrant/Code/public/vcp-app/vendor/laravel/framework/src/Illuminate/Database/Connection.php(736): Illuminate\Database\Connection->getPdo()
#6 /home/vagrant/Code/public/vcp-app/vendor/laravel/framework/src/Illuminate/Database/Connection.php(621): Illuminate\Database\Connection->reconnectIfMissingConnection()
#7 /home/vagrant/Code/public/vcp-app/vendor/laravel/framework/src/Illuminate/Database/Connection.php(342): Illuminate\Database\Connection->run('select * from `...', Array, Object(Closure))
#8 /home/vagrant/Code/public/vcp-app/vendor/laravel/framework/src/Illuminate/Database/Query/Builder.php(1508): Illuminate\Database\Connection->select('select * from `...', Array, true)
#9 /home/vagrant/Code/public/vcp-app/vendor/laravel/framework/src/Illuminate/Database/Query/Builder.php(1494): Illuminate\Database\Query\Builder->runSelect()
#10 /home/vagrant/Code/public/vcp-app/vendor/laravel/framework/src/Illuminate/Database/Eloquent/Builder.php(596): Illuminate\Database\Query\Builder->get(Array)
#11 /home/vagrant/Code/public/vcp-app/vendor/laravel/framework/src/Illuminate/Database/Eloquent/Builder.php(303): Illuminate\Database\Eloquent\Builder->getModels(Array)
#12 /home/vagrant/Code/public/vcp-app/vendor/laravel/framework/src/Illuminate/Database/Eloquent/Builder.php(273): Illuminate\Database\Eloquent\Builder->get(Array)
#13 /home/vagrant/Code/public/vcp-app/vendor/laravel/framework/src/Illuminate/Auth/EloquentUserProvider.php(104): Illuminate\Database\Eloquent\Builder->first()
#14 /home/vagrant/Code/public/vcp-app/vendor/laravel/framework/src/Illuminate/Auth/SessionGuard.php(353): Illuminate\Auth\EloquentUserProvider->retrieveByCredentials(Array)
#15 /home/vagrant/Code/public/vcp-app/vendor/laravel/framework/src/Illuminate/Auth/SessionGuard.php(256): Illuminate\Auth\SessionGuard->attempt(Array, false, false)
#16 /home/vagrant/Code/public/vcp-app/vendor/laravel/framework/src/Illuminate/Auth/SessionGuard.php(239): Illuminate\Auth\SessionGuard->validate(Array)
#17 [internal function]: Illuminate\Auth\SessionGuard->once(Array)
#18 /home/vagrant/Code/public/vcp-app/vendor/laravel/framework/src/Illuminate/Auth/AuthManager.php(288): call_user_func_array(Array, Array)
#19 /home/vagrant/Code/public/vcp-app/vendor/tymon/jwt-auth/src/Providers/Auth/IlluminateAuthAdapter.php(39): Illuminate\Auth\AuthManager->__call('once', Array)
#20 /home/vagrant/Code/public/vcp-app/vendor/tymon/jwt-auth/src/JWTAuth.php(108): Tymon\JWTAuth\Providers\Auth\IlluminateAuthAdapter->byCredentials(Array)
#21 /home/vagrant/Code/public/vcp-app/vendor/laravel/framework/src/Illuminate/Support/Facades/Facade.php(218): Tymon\JWTAuth\JWTAuth->attempt(Array)
#22 /home/vagrant/Code/public/vcp-app/app/Http/Controllers/AuthenticateController.php(40): Illuminate\Support\Facades\Facade::__callStatic('attempt', Array)
#23 [internal function]: App\Http\Controllers\AuthenticateController->authenticate(Object(Illuminate\Http\Request))
#24 /home/vagrant/Code/public/vcp-app/vendor/laravel/framework/src/Illuminate/Routing/Controller.php(80): call_user_func_array(Array, Array)
#25 /home/vagrant/Code/public/vcp-app/vendor/laravel/framework/src/Illuminate/Routing/ControllerDispatcher.php(146): Illuminate\Routing\Controller->callAction('authenticate', Array)
#26 /home/vagrant/Code/public/vcp-app/vendor/laravel/framework/src/Illuminate/Routing/ControllerDispatcher.php(94): Illuminate\Routing\ControllerDispatcher->call(Object(App\Http\Controllers\AuthenticateController), Object(Illuminate\Routing\Route), 'authenticate')
#27 [internal function]: Illuminate\Routing\ControllerDispatcher->Illuminate\Routing\{closure}(Object(Illuminate\Http\Request))
#28 /home/vagrant/Code/public/vcp-app/vendor/laravel/framework/src/Illuminate/Routing/Pipeline.php(52): call_user_func(Object(Closure), Object(Illuminate\Http\Request))
#29 [internal function]: Illuminate\Routing\Pipeline->Illuminate\Routing\{closure}(Object(Illuminate\Http\Request))
#30 /home/vagrant/Code/public/vcp-app/vendor/laravel/framework/src/Illuminate/Pipeline/Pipeline.php(102): call_user_func(Object(Closure), Object(Illuminate\Http\Request))
#31 /home/vagrant/Code/public/vcp-app/vendor/laravel/framework/src/Illuminate/Routing/ControllerDispatcher.php(96): Illuminate\Pipeline\Pipeline->then(Object(Closure))
#32 /home/vagrant/Code/public/vcp-app/vendor/laravel/framework/src/Illuminate/Routing/ControllerDispatcher.php(54): Illuminate\Routing\ControllerDispatcher->callWithinStack(Object(App\Http\Controllers\AuthenticateController), Object(Illuminate\Routing\Route), Object(Illuminate\Http\Request), 'authenticate')
#33 /home/vagrant/Code/public/vcp-app/vendor/laravel/framework/src/Illuminate/Routing/Route.php(174): Illuminate\Routing\ControllerDispatcher->dispatch(Object(Illuminate\Routing\Route), Object(Illuminate\Http\Request), 'App\\Http\\Contro...', 'authenticate')
#34 /home/vagrant/Code/public/vcp-app/vendor/laravel/framework/src/Illuminate/Routing/Route.php(140): Illuminate\Routing\Route->runController(Object(Illuminate\Http\Request))
#35 /home/vagrant/Code/public/vcp-app/vendor/laravel/framework/src/Illuminate/Routing/Router.php(724): Illuminate\Routing\Route->run(Object(Illuminate\Http\Request))
#36 [internal function]: Illuminate\Routing\Router->Illuminate\Routing\{closure}(Object(Illuminate\Http\Request))
#37 /home/vagrant/Code/public/vcp-app/vendor/laravel/framework/src/Illuminate/Routing/Pipeline.php(52): call_user_func(Object(Closure), Object(Illuminate\Http\Request))
#38 [internal function]: Illuminate\Routing\Pipeline->Illuminate\Routing\{closure}(Object(Illuminate\Http\Request))
#39 /home/vagrant/Code/public/vcp-app/vendor/laravel/framework/src/Illuminate/Pipeline/Pipeline.php(102): call_user_func(Object(Closure), Object(Illuminate\Http\Request))
#40 /home/vagrant/Code/public/vcp-app/vendor/laravel/framework/src/Illuminate/Routing/Router.php(726): Illuminate\Pipeline\Pipeline->then(Object(Closure))
#41 /home/vagrant/Code/public/vcp-app/vendor/laravel/framework/src/Illuminate/Routing/Router.php(699): Illuminate\Routing\Router->runRouteWithinStack(Object(Illuminate\Routing\Route), Object(Illuminate\Http\Request))
#42 /home/vagrant/Code/public/vcp-app/vendor/laravel/framework/src/Illuminate/Routing/Router.php(675): Illuminate\Routing\Router->dispatchToRoute(Object(Illuminate\Http\Request))
#43 /home/vagrant/Code/public/vcp-app/vendor/laravel/framework/src/Illuminate/Foundation/Http/Kernel.php(246): Illuminate\Routing\Router->dispatch(Object(Illuminate\Http\Request))
#44 [internal function]: Illuminate\Foundation\Http\Kernel->Illuminate\Foundation\Http\{closure}(Object(Illuminate\Http\Request))
#45 /home/vagrant/Code/public/vcp-app/vendor/laravel/framework/src/Illuminate/Routing/Pipeline.php(52): call_user_func(Object(Closure), Object(Illuminate\Http\Request))
#46 /home/vagrant/Code/public/vcp-app/vendor/laravel/framework/src/Illuminate/Foundation/Http/Middleware/CheckForMaintenanceMode.php(44): Illuminate\Routing\Pipeline->Illuminate\Routing\{closure}(Object(Illuminate\Http\Request))
#47 [internal function]: Illuminate\Foundation\Http\Middleware\CheckForMaintenanceMode->handle(Object(Illuminate\Http\Request), Object(Closure))
#48 /home/vagrant/Code/public/vcp-app/vendor/laravel/framework/src/Illuminate/Pipeline/Pipeline.php(124): call_user_func_array(Array, Array)
#49 [internal function]: Illuminate\Pipeline\Pipeline->Illuminate\Pipeline\{closure}(Object(Illuminate\Http\Request))
#50 /home/vagrant/Code/public/vcp-app/vendor/laravel/framework/src/Illuminate/Routing/Pipeline.php(32): call_user_func(Object(Closure), Object(Illuminate\Http\Request))
#51 [internal function]: Illuminate\Routing\Pipeline->Illuminate\Routing\{closure}(Object(Illuminate\Http\Request))
#52 /home/vagrant/Code/public/vcp-app/vendor/laravel/framework/src/Illuminate/Pipeline/Pipeline.php(102): call_user_func(Object(Closure), Object(Illuminate\Http\Request))
#53 /home/vagrant/Code/public/vcp-app/vendor/laravel/framework/src/Illuminate/Foundation/Http/Kernel.php(132): Illuminate\Pipeline\Pipeline->then(Object(Closure))
#54 /home/vagrant/Code/public/vcp-app/vendor/laravel/framework/src/Illuminate/Foundation/Http/Kernel.php(99): Illuminate\Foundation\Http\Kernel->sendRequestThroughRouter(Object(Illuminate\Http\Request))
#55 /home/vagrant/Code/public/vcp-app/public/index.php(53): Illuminate\Foundation\Http\Kernel->handle(Object(Illuminate\Http\Request))
#56 {main}  
[2016-06-07 16:46:23] production.ERROR: PDOException: SQLSTATE[HY000] [1045] Access denied for user 'forge'@'localhost' (using password: NO) in /home/vagrant/Code/public/vcp-app/vendor/laravel/framework/src/Illuminate/Database/Connectors/Connector.php:55
Stack trace:
#0 /home/vagrant/Code/public/vcp-app/vendor/laravel/framework/src/Illuminate/Database/Connectors/Connector.php(55): PDO->__construct('mysql:host=loca...', 'forge', '', Array)
#1 /home/vagrant/Code/public/vcp-app/vendor/laravel/framework/src/Illuminate/Database/Connectors/MySqlConnector.php(24): Illuminate\Database\Connectors\Connector->createConnection('mysql:host=loca...', Array, Array)
#2 /home/vagrant/Code/public/vcp-app/vendor/laravel/framework/src/Illuminate/Database/Connectors/ConnectionFactory.php(61): Illuminate\Database\Connectors\MySqlConnector->connect(Array)
#3 [internal function]: Illuminate\Database\Connectors\ConnectionFactory->Illuminate\Database\Connectors\{closure}()
#4 /home/vagrant/Code/public/vcp-app/vendor/laravel/framework/src/Illuminate/Database/Connection.php(868): call_user_func(Object(Closure))
#5 /home/vagrant/Code/public/vcp-app/vendor/laravel/framework/src/Illuminate/Database/Connection.php(736): Illuminate\Database\Connection->getPdo()
#6 /home/vagrant/Code/public/vcp-app/vendor/laravel/framework/src/Illuminate/Database/Connection.php(621): Illuminate\Database\Connection->reconnectIfMissingConnection()
#7 /home/vagrant/Code/public/vcp-app/vendor/laravel/framework/src/Illuminate/Database/Connection.php(342): Illuminate\Database\Connection->run('select * from `...', Array, Object(Closure))
#8 /home/vagrant/Code/public/vcp-app/vendor/laravel/framework/src/Illuminate/Database/Query/Builder.php(1508): Illuminate\Database\Connection->select('select * from `...', Array, true)
#9 /home/vagrant/Code/public/vcp-app/vendor/laravel/framework/src/Illuminate/Database/Query/Builder.php(1494): Illuminate\Database\Query\Builder->runSelect()
#10 /home/vagrant/Code/public/vcp-app/vendor/laravel/framework/src/Illuminate/Database/Eloquent/Builder.php(596): Illuminate\Database\Query\Builder->get(Array)
#11 /home/vagrant/Code/public/vcp-app/vendor/laravel/framework/src/Illuminate/Database/Eloquent/Builder.php(303): Illuminate\Database\Eloquent\Builder->getModels(Array)
#12 /home/vagrant/Code/public/vcp-app/vendor/laravel/framework/src/Illuminate/Database/Eloquent/Builder.php(273): Illuminate\Database\Eloquent\Builder->get(Array)
#13 /home/vagrant/Code/public/vcp-app/vendor/laravel/framework/src/Illuminate/Auth/EloquentUserProvider.php(104): Illuminate\Database\Eloquent\Builder->first()
#14 /home/vagrant/Code/public/vcp-app/vendor/laravel/framework/src/Illuminate/Auth/SessionGuard.php(353): Illuminate\Auth\EloquentUserProvider->retrieveByCredentials(Array)
#15 /home/vagrant/Code/public/vcp-app/vendor/laravel/framework/src/Illuminate/Auth/SessionGuard.php(256): Illuminate\Auth\SessionGuard->attempt(Array, false, false)
#16 /home/vagrant/Code/public/vcp-app/vendor/laravel/framework/src/Illuminate/Auth/SessionGuard.php(239): Illuminate\Auth\SessionGuard->validate(Array)
#17 [internal function]: Illuminate\Auth\SessionGuard->once(Array)
#18 /home/vagrant/Code/public/vcp-app/vendor/laravel/framework/src/Illuminate/Auth/AuthManager.php(288): call_user_func_array(Array, Array)
#19 /home/vagrant/Code/public/vcp-app/vendor/tymon/jwt-auth/src/Providers/Auth/IlluminateAuthAdapter.php(39): Illuminate\Auth\AuthManager->__call('once', Array)
#20 /home/vagrant/Code/public/vcp-app/vendor/tymon/jwt-auth/src/JWTAuth.php(108): Tymon\JWTAuth\Providers\Auth\IlluminateAuthAdapter->byCredentials(Array)
#21 /home/vagrant/Code/public/vcp-app/vendor/laravel/framework/src/Illuminate/Support/Facades/Facade.php(218): Tymon\JWTAuth\JWTAuth->attempt(Array)
#22 /home/vagrant/Code/public/vcp-app/app/Http/Controllers/AuthenticateController.php(40): Illuminate\Support\Facades\Facade::__callStatic('attempt', Array)
#23 [internal function]: App\Http\Controllers\AuthenticateController->authenticate(Object(Illuminate\Http\Request))
#24 /home/vagrant/Code/public/vcp-app/vendor/laravel/framework/src/Illuminate/Routing/Controller.php(80): call_user_func_array(Array, Array)
#25 /home/vagrant/Code/public/vcp-app/vendor/laravel/framework/src/Illuminate/Routing/ControllerDispatcher.php(146): Illuminate\Routing\Controller->callAction('authenticate', Array)
#26 /home/vagrant/Code/public/vcp-app/vendor/laravel/framework/src/Illuminate/Routing/ControllerDispatcher.php(94): Illuminate\Routing\ControllerDispatcher->call(Object(App\Http\Controllers\AuthenticateController), Object(Illuminate\Routing\Route), 'authenticate')
#27 [internal function]: Illuminate\Routing\ControllerDispatcher->Illuminate\Routing\{closure}(Object(Illuminate\Http\Request))
#28 /home/vagrant/Code/public/vcp-app/vendor/laravel/framework/src/Illuminate/Routing/Pipeline.php(52): call_user_func(Object(Closure), Object(Illuminate\Http\Request))
#29 [internal function]: Illuminate\Routing\Pipeline->Illuminate\Routing\{closure}(Object(Illuminate\Http\Request))
#30 /home/vagrant/Code/public/vcp-app/vendor/laravel/framework/src/Illuminate/Pipeline/Pipeline.php(102): call_user_func(Object(Closure), Object(Illuminate\Http\Request))
#31 /home/vagrant/Code/public/vcp-app/vendor/laravel/framework/src/Illuminate/Routing/ControllerDispatcher.php(96): Illuminate\Pipeline\Pipeline->then(Object(Closure))
#32 /home/vagrant/Code/public/vcp-app/vendor/laravel/framework/src/Illuminate/Routing/ControllerDispatcher.php(54): Illuminate\Routing\ControllerDispatcher->callWithinStack(Object(App\Http\Controllers\AuthenticateController), Object(Illuminate\Routing\Route), Object(Illuminate\Http\Request), 'authenticate')
#33 /home/vagrant/Code/public/vcp-app/vendor/laravel/framework/src/Illuminate/Routing/Route.php(174): Illuminate\Routing\ControllerDispatcher->dispatch(Object(Illuminate\Routing\Route), Object(Illuminate\Http\Request), 'App\\Http\\Contro...', 'authenticate')
#34 /home/vagrant/Code/public/vcp-app/vendor/laravel/framework/src/Illuminate/Routing/Route.php(140): Illuminate\Routing\Route->runController(Object(Illuminate\Http\Request))
#35 /home/vagrant/Code/public/vcp-app/vendor/laravel/framework/src/Illuminate/Routing/Router.php(724): Illuminate\Routing\Route->run(Object(Illuminate\Http\Request))
#36 [internal function]: Illuminate\Routing\Router->Illuminate\Routing\{closure}(Object(Illuminate\Http\Request))
#37 /home/vagrant/Code/public/vcp-app/vendor/laravel/framework/src/Illuminate/Routing/Pipeline.php(52): call_user_func(Object(Closure), Object(Illuminate\Http\Request))
#38 [internal function]: Illuminate\Routing\Pipeline->Illuminate\Routing\{closure}(Object(Illuminate\Http\Request))
#39 /home/vagrant/Code/public/vcp-app/vendor/laravel/framework/src/Illuminate/Pipeline/Pipeline.php(102): call_user_func(Object(Closure), Object(Illuminate\Http\Request))
#40 /home/vagrant/Code/public/vcp-app/vendor/laravel/framework/src/Illuminate/Routing/Router.php(726): Illuminate\Pipeline\Pipeline->then(Object(Closure))
#41 /home/vagrant/Code/public/vcp-app/vendor/laravel/framework/src/Illuminate/Routing/Router.php(699): Illuminate\Routing\Router->runRouteWithinStack(Object(Illuminate\Routing\Route), Object(Illuminate\Http\Request))
#42 /home/vagrant/Code/public/vcp-app/vendor/laravel/framework/src/Illuminate/Routing/Router.php(675): Illuminate\Routing\Router->dispatchToRoute(Object(Illuminate\Http\Request))
#43 /home/vagrant/Code/public/vcp-app/vendor/laravel/framework/src/Illuminate/Foundation/Http/Kernel.php(246): Illuminate\Routing\Router->dispatch(Object(Illuminate\Http\Request))
#44 [internal function]: Illuminate\Foundation\Http\Kernel->Illuminate\Foundation\Http\{closure}(Object(Illuminate\Http\Request))
#45 /home/vagrant/Code/public/vcp-app/vendor/laravel/framework/src/Illuminate/Routing/Pipeline.php(52): call_user_func(Object(Closure), Object(Illuminate\Http\Request))
#46 /home/vagrant/Code/public/vcp-app/vendor/laravel/framework/src/Illuminate/Foundation/Http/Middleware/CheckForMaintenanceMode.php(44): Illuminate\Routing\Pipeline->Illuminate\Routing\{closure}(Object(Illuminate\Http\Request))
#47 [internal function]: Illuminate\Foundation\Http\Middleware\CheckForMaintenanceMode->handle(Object(Illuminate\Http\Request), Object(Closure))
#48 /home/vagrant/Code/public/vcp-app/vendor/laravel/framework/src/Illuminate/Pipeline/Pipeline.php(124): call_user_func_array(Array, Array)
#49 [internal function]: Illuminate\Pipeline\Pipeline->Illuminate\Pipeline\{closure}(Object(Illuminate\Http\Request))
#50 /home/vagrant/Code/public/vcp-app/vendor/laravel/framework/src/Illuminate/Routing/Pipeline.php(32): call_user_func(Object(Closure), Object(Illuminate\Http\Request))
#51 [internal function]: Illuminate\Routing\Pipeline->Illuminate\Routing\{closure}(Object(Illuminate\Http\Request))
#52 /home/vagrant/Code/public/vcp-app/vendor/laravel/framework/src/Illuminate/Pipeline/Pipeline.php(102): call_user_func(Object(Closure), Object(Illuminate\Http\Request))
#53 /home/vagrant/Code/public/vcp-app/vendor/laravel/framework/src/Illuminate/Foundation/Http/Kernel.php(132): Illuminate\Pipeline\Pipeline->then(Object(Closure))
#54 /home/vagrant/Code/public/vcp-app/vendor/laravel/framework/src/Illuminate/Foundation/Http/Kernel.php(99): Illuminate\Foundation\Http\Kernel->sendRequestThroughRouter(Object(Illuminate\Http\Request))
#55 /home/vagrant/Code/public/vcp-app/public/index.php(53): Illuminate\Foundation\Http\Kernel->handle(Object(Illuminate\Http\Request))
#56 {main}  
[2016-06-07 16:47:19] production.ERROR: PDOException: SQLSTATE[HY000] [1045] Access denied for user 'forge'@'localhost' (using password: NO) in /home/vagrant/Code/public/vcp-app/vendor/laravel/framework/src/Illuminate/Database/Connectors/Connector.php:55
Stack trace:
#0 /home/vagrant/Code/public/vcp-app/vendor/laravel/framework/src/Illuminate/Database/Connectors/Connector.php(55): PDO->__construct('mysql:host=loca...', 'forge', '', Array)
#1 /home/vagrant/Code/public/vcp-app/vendor/laravel/framework/src/Illuminate/Database/Connectors/MySqlConnector.php(24): Illuminate\Database\Connectors\Connector->createConnection('mysql:host=loca...', Array, Array)
#2 /home/vagrant/Code/public/vcp-app/vendor/laravel/framework/src/Illuminate/Database/Connectors/ConnectionFactory.php(61): Illuminate\Database\Connectors\MySqlConnector->connect(Array)
#3 [internal function]: Illuminate\Database\Connectors\ConnectionFactory->Illuminate\Database\Connectors\{closure}()
#4 /home/vagrant/Code/public/vcp-app/vendor/laravel/framework/src/Illuminate/Database/Connection.php(868): call_user_func(Object(Closure))
#5 /home/vagrant/Code/public/vcp-app/vendor/laravel/framework/src/Illuminate/Database/Connection.php(736): Illuminate\Database\Connection->getPdo()
#6 /home/vagrant/Code/public/vcp-app/vendor/laravel/framework/src/Illuminate/Database/Connection.php(621): Illuminate\Database\Connection->reconnectIfMissingConnection()
#7 /home/vagrant/Code/public/vcp-app/vendor/laravel/framework/src/Illuminate/Database/Connection.php(342): Illuminate\Database\Connection->run('select * from `...', Array, Object(Closure))
#8 /home/vagrant/Code/public/vcp-app/vendor/laravel/framework/src/Illuminate/Database/Query/Builder.php(1508): Illuminate\Database\Connection->select('select * from `...', Array, true)
#9 /home/vagrant/Code/public/vcp-app/vendor/laravel/framework/src/Illuminate/Database/Query/Builder.php(1494): Illuminate\Database\Query\Builder->runSelect()
#10 /home/vagrant/Code/public/vcp-app/vendor/laravel/framework/src/Illuminate/Database/Eloquent/Builder.php(596): Illuminate\Database\Query\Builder->get(Array)
#11 /home/vagrant/Code/public/vcp-app/vendor/laravel/framework/src/Illuminate/Database/Eloquent/Builder.php(303): Illuminate\Database\Eloquent\Builder->getModels(Array)
#12 /home/vagrant/Code/public/vcp-app/vendor/laravel/framework/src/Illuminate/Database/Eloquent/Builder.php(273): Illuminate\Database\Eloquent\Builder->get(Array)
#13 /home/vagrant/Code/public/vcp-app/vendor/laravel/framework/src/Illuminate/Auth/EloquentUserProvider.php(104): Illuminate\Database\Eloquent\Builder->first()
#14 /home/vagrant/Code/public/vcp-app/vendor/laravel/framework/src/Illuminate/Auth/SessionGuard.php(353): Illuminate\Auth\EloquentUserProvider->retrieveByCredentials(Array)
#15 /home/vagrant/Code/public/vcp-app/vendor/laravel/framework/src/Illuminate/Auth/SessionGuard.php(256): Illuminate\Auth\SessionGuard->attempt(Array, false, false)
#16 /home/vagrant/Code/public/vcp-app/vendor/laravel/framework/src/Illuminate/Auth/SessionGuard.php(239): Illuminate\Auth\SessionGuard->validate(Array)
#17 [internal function]: Illuminate\Auth\SessionGuard->once(Array)
#18 /home/vagrant/Code/public/vcp-app/vendor/laravel/framework/src/Illuminate/Auth/AuthManager.php(288): call_user_func_array(Array, Array)
#19 /home/vagrant/Code/public/vcp-app/vendor/tymon/jwt-auth/src/Providers/Auth/IlluminateAuthAdapter.php(39): Illuminate\Auth\AuthManager->__call('once', Array)
#20 /home/vagrant/Code/public/vcp-app/vendor/tymon/jwt-auth/src/JWTAuth.php(108): Tymon\JWTAuth\Providers\Auth\IlluminateAuthAdapter->byCredentials(Array)
#21 /home/vagrant/Code/public/vcp-app/vendor/laravel/framework/src/Illuminate/Support/Facades/Facade.php(218): Tymon\JWTAuth\JWTAuth->attempt(Array)
#22 /home/vagrant/Code/public/vcp-app/app/Http/Controllers/AuthenticateController.php(40): Illuminate\Support\Facades\Facade::__callStatic('attempt', Array)
#23 [internal function]: App\Http\Controllers\AuthenticateController->authenticate(Object(Illuminate\Http\Request))
#24 /home/vagrant/Code/public/vcp-app/vendor/laravel/framework/src/Illuminate/Routing/Controller.php(80): call_user_func_array(Array, Array)
#25 /home/vagrant/Code/public/vcp-app/vendor/laravel/framework/src/Illuminate/Routing/ControllerDispatcher.php(146): Illuminate\Routing\Controller->callAction('authenticate', Array)
#26 /home/vagrant/Code/public/vcp-app/vendor/laravel/framework/src/Illuminate/Routing/ControllerDispatcher.php(94): Illuminate\Routing\ControllerDispatcher->call(Object(App\Http\Controllers\AuthenticateController), Object(Illuminate\Routing\Route), 'authenticate')
#27 [internal function]: Illuminate\Routing\ControllerDispatcher->Illuminate\Routing\{closure}(Object(Illuminate\Http\Request))
#28 /home/vagrant/Code/public/vcp-app/vendor/laravel/framework/src/Illuminate/Routing/Pipeline.php(52): call_user_func(Object(Closure), Object(Illuminate\Http\Request))
#29 [internal function]: Illuminate\Routing\Pipeline->Illuminate\Routing\{closure}(Object(Illuminate\Http\Request))
#30 /home/vagrant/Code/public/vcp-app/vendor/laravel/framework/src/Illuminate/Pipeline/Pipeline.php(102): call_user_func(Object(Closure), Object(Illuminate\Http\Request))
#31 /home/vagrant/Code/public/vcp-app/vendor/laravel/framework/src/Illuminate/Routing/ControllerDispatcher.php(96): Illuminate\Pipeline\Pipeline->then(Object(Closure))
#32 /home/vagrant/Code/public/vcp-app/vendor/laravel/framework/src/Illuminate/Routing/ControllerDispatcher.php(54): Illuminate\Routing\ControllerDispatcher->callWithinStack(Object(App\Http\Controllers\AuthenticateController), Object(Illuminate\Routing\Route), Object(Illuminate\Http\Request), 'authenticate')
#33 /home/vagrant/Code/public/vcp-app/vendor/laravel/framework/src/Illuminate/Routing/Route.php(174): Illuminate\Routing\ControllerDispatcher->dispatch(Object(Illuminate\Routing\Route), Object(Illuminate\Http\Request), 'App\\Http\\Contro...', 'authenticate')
#34 /home/vagrant/Code/public/vcp-app/vendor/laravel/framework/src/Illuminate/Routing/Route.php(140): Illuminate\Routing\Route->runController(Object(Illuminate\Http\Request))
#35 /home/vagrant/Code/public/vcp-app/vendor/laravel/framework/src/Illuminate/Routing/Router.php(724): Illuminate\Routing\Route->run(Object(Illuminate\Http\Request))
#36 [internal function]: Illuminate\Routing\Router->Illuminate\Routing\{closure}(Object(Illuminate\Http\Request))
#37 /home/vagrant/Code/public/vcp-app/vendor/laravel/framework/src/Illuminate/Routing/Pipeline.php(52): call_user_func(Object(Closure), Object(Illuminate\Http\Request))
#38 [internal function]: Illuminate\Routing\Pipeline->Illuminate\Routing\{closure}(Object(Illuminate\Http\Request))
#39 /home/vagrant/Code/public/vcp-app/vendor/laravel/framework/src/Illuminate/Pipeline/Pipeline.php(102): call_user_func(Object(Closure), Object(Illuminate\Http\Request))
#40 /home/vagrant/Code/public/vcp-app/vendor/laravel/framework/src/Illuminate/Routing/Router.php(726): Illuminate\Pipeline\Pipeline->then(Object(Closure))
#41 /home/vagrant/Code/public/vcp-app/vendor/laravel/framework/src/Illuminate/Routing/Router.php(699): Illuminate\Routing\Router->runRouteWithinStack(Object(Illuminate\Routing\Route), Object(Illuminate\Http\Request))
#42 /home/vagrant/Code/public/vcp-app/vendor/laravel/framework/src/Illuminate/Routing/Router.php(675): Illuminate\Routing\Router->dispatchToRoute(Object(Illuminate\Http\Request))
#43 /home/vagrant/Code/public/vcp-app/vendor/laravel/framework/src/Illuminate/Foundation/Http/Kernel.php(246): Illuminate\Routing\Router->dispatch(Object(Illuminate\Http\Request))
#44 [internal function]: Illuminate\Foundation\Http\Kernel->Illuminate\Foundation\Http\{closure}(Object(Illuminate\Http\Request))
#45 /home/vagrant/Code/public/vcp-app/vendor/laravel/framework/src/Illuminate/Routing/Pipeline.php(52): call_user_func(Object(Closure), Object(Illuminate\Http\Request))
#46 /home/vagrant/Code/public/vcp-app/vendor/laravel/framework/src/Illuminate/Foundation/Http/Middleware/CheckForMaintenanceMode.php(44): Illuminate\Routing\Pipeline->Illuminate\Routing\{closure}(Object(Illuminate\Http\Request))
#47 [internal function]: Illuminate\Foundation\Http\Middleware\CheckForMaintenanceMode->handle(Object(Illuminate\Http\Request), Object(Closure))
#48 /home/vagrant/Code/public/vcp-app/vendor/laravel/framework/src/Illuminate/Pipeline/Pipeline.php(124): call_user_func_array(Array, Array)
#49 [internal function]: Illuminate\Pipeline\Pipeline->Illuminate\Pipeline\{closure}(Object(Illuminate\Http\Request))
#50 /home/vagrant/Code/public/vcp-app/vendor/laravel/framework/src/Illuminate/Routing/Pipeline.php(32): call_user_func(Object(Closure), Object(Illuminate\Http\Request))
#51 [internal function]: Illuminate\Routing\Pipeline->Illuminate\Routing\{closure}(Object(Illuminate\Http\Request))
#52 /home/vagrant/Code/public/vcp-app/vendor/laravel/framework/src/Illuminate/Pipeline/Pipeline.php(102): call_user_func(Object(Closure), Object(Illuminate\Http\Request))
#53 /home/vagrant/Code/public/vcp-app/vendor/laravel/framework/src/Illuminate/Foundation/Http/Kernel.php(132): Illuminate\Pipeline\Pipeline->then(Object(Closure))
#54 /home/vagrant/Code/public/vcp-app/vendor/laravel/framework/src/Illuminate/Foundation/Http/Kernel.php(99): Illuminate\Foundation\Http\Kernel->sendRequestThroughRouter(Object(Illuminate\Http\Request))
#55 /home/vagrant/Code/public/vcp-app/public/index.php(53): Illuminate\Foundation\Http\Kernel->handle(Object(Illuminate\Http\Request))
#56 {main}  
